#
# There is insufficient memory for the Java Runtime Environment to continue.
# Native memory allocation (malloc) failed to allocate 1262416 bytes for Chunk::new
# Possible reasons:
#   The system is out of physical RAM or swap space
#   The process is running with CompressedOops enabled, and the Java Heap may be blocking the growth of the native heap
# Possible solutions:
#   Reduce memory load on the system
#   Increase physical memory or swap space
#   Check if swap backing store is full
#   Decrease Java heap size (-Xmx/-Xms)
#   Decrease number of Java threads
#   Decrease Java thread stack sizes (-Xss)
#   Set larger code cache with -XX:ReservedCodeCacheSize=
#   JVM is running with Unscaled Compressed Oops mode in which the Java heap is
#     placed in the first 4GB address space. The Java Heap base address is the
#     maximum limit for the native heap growth. Please use -XX:HeapBaseMinAddress
#     to set the Java Heap base and to place the Java Heap above 4GB virtual address.
# This output file may be truncated or incomplete.
#
#  Out of Memory Error (allocation.cpp:389), pid=12828, tid=0x0000000000004710
#
# JRE version: OpenJDK Runtime Environment (8.0_242-b01) (build 1.8.0_242-release-1644-b01)
# Java VM: OpenJDK 64-Bit Server VM (25.242-b01 mixed mode windows-amd64 compressed oops)
# Failed to write core dump. Minidumps are not enabled by default on client versions of Windows
#

---------------  T H R E A D  ---------------

Current thread (0x00000000197a6000):  JavaThread "C2 CompilerThread1" daemon [_thread_in_native, id=18192, stack(0x000000001a170000,0x000000001a270000)]

Stack: [0x000000001a170000,0x000000001a270000]
[error occurred during error reporting (printing stack bounds), id 0xc0000005]

Native frames: (J=compiled Java code, j=interpreted, Vv=VM code, C=native code)


Current CompileTask:
C2:  89756 14737       4       com.android.tools.r8.ir.regalloc.a::a (952 bytes)


---------------  P R O C E S S  ---------------

Java Threads: ( => current thread )
  0x000000001fb14800 JavaThread "ForkJoinPool-1-worker-0" daemon [_thread_blocked, id=18404, stack(0x0000000030380000,0x0000000030480000)]
  0x000000001fb13800 JavaThread "ForkJoinPool-1-worker-7" daemon [_thread_blocked, id=11256, stack(0x0000000030280000,0x0000000030380000)]
  0x000000001fb11800 JavaThread "ForkJoinPool-1-worker-6" daemon [_thread_blocked, id=2100, stack(0x0000000030180000,0x0000000030280000)]
  0x000000001fb13000 JavaThread "ForkJoinPool-1-worker-5" daemon [_thread_blocked, id=21096, stack(0x0000000030080000,0x0000000030180000)]
  0x000000001fb09000 JavaThread "ForkJoinPool-1-worker-4" daemon [_thread_blocked, id=19740, stack(0x000000002ff80000,0x0000000030080000)]
  0x000000001fb08800 JavaThread "ForkJoinPool-1-worker-3" daemon [_thread_blocked, id=16704, stack(0x000000002fe80000,0x000000002ff80000)]
  0x000000001fb0e800 JavaThread "ForkJoinPool-1-worker-2" daemon [_thread_blocked, id=12540, stack(0x000000002b7d0000,0x000000002b8d0000)]
  0x000000001fb0d800 JavaThread "ForkJoinPool-1-worker-1" daemon [_thread_blocked, id=17036, stack(0x000000002b3d0000,0x000000002b4d0000)]
  0x000000001fb12000 JavaThread "WorkerExecutor Queue Thread 11" [_thread_blocked, id=11420, stack(0x000000002c8a0000,0x000000002c9a0000)]
  0x000000001fb07800 JavaThread "ForkJoinPool.commonPool-worker-6" daemon [_thread_blocked, id=18972, stack(0x000000002b6d0000,0x000000002b7d0000)]
  0x000000001fb06000 JavaThread "ForkJoinPool.commonPool-worker-2" daemon [_thread_blocked, id=20288, stack(0x000000002aad0000,0x000000002abd0000)]
  0x000000001fb0a000 JavaThread "ForkJoinPool.commonPool-worker-1" daemon [_thread_blocked, id=20180, stack(0x0000000000b30000,0x0000000000c30000)]
  0x000000001fb0a800 JavaThread "WorkerExecutor Queue Thread 9" [_thread_blocked, id=20808, stack(0x000000002a9d0000,0x000000002aad0000)]
  0x000000001fb07000 JavaThread "WorkerExecutor Queue Thread 8" [_thread_blocked, id=21396, stack(0x000000002a8d0000,0x000000002a9d0000)]
  0x00000000211f3000 JavaThread "WorkerExecutor Queue Thread 7" [_thread_in_Java, id=19128, stack(0x000000002a520000,0x000000002a620000)]
  0x00000000211f1800 JavaThread "WorkerExecutor Queue Thread 6" [_thread_blocked, id=14788, stack(0x000000002a420000,0x000000002a520000)]
  0x00000000211f4800 JavaThread "WorkerExecutor Queue Thread 5" [_thread_blocked, id=20264, stack(0x000000002a320000,0x000000002a420000)]
  0x00000000211e9000 JavaThread "WorkerExecutor Queue Thread 4" [_thread_blocked, id=20368, stack(0x000000001df90000,0x000000001e090000)]
  0x00000000211e8800 JavaThread "Cache worker for Java compile cache (C:\Users\Sasmito\Documents\Training\project1\.gradle\6.1.1\javaCompile)" [_thread_blocked, id=9700, stack(0x0000000029e20000,0x0000000029f20000)]
  0x00000000211ef000 JavaThread "Cache worker for Java compile cache (C:\Users\Sasmito\.gradle\caches\6.1.1\javaCompile)" [_thread_blocked, id=18968, stack(0x0000000029920000,0x0000000029a20000)]
  0x00000000211f2800 JavaThread "RMI TCP Connection(idle)" daemon [_thread_blocked, id=12908, stack(0x0000000029d20000,0x0000000029e20000)]
  0x00000000211f4000 JavaThread "RMI Reaper" [_thread_blocked, id=16312, stack(0x0000000029c20000,0x0000000029d20000)]
  0x00000000211e7800 JavaThread "RMI TCP Accept-0" daemon [_thread_in_native, id=10200, stack(0x0000000029b20000,0x0000000029c20000)]
  0x00000000211ee800 JavaThread "GC Daemon" daemon [_thread_blocked, id=20520, stack(0x0000000029a20000,0x0000000029b20000)]
  0x00000000211eb800 JavaThread "RMI Scheduler(0)" daemon [_thread_blocked, id=6336, stack(0x0000000029120000,0x0000000029220000)]
  0x00000000211ed800 JavaThread "stdout" [_thread_in_native, id=17476, stack(0x0000000029420000,0x0000000029520000)]
  0x00000000211ed000 JavaThread "stderr" [_thread_in_native, id=21424, stack(0x0000000029320000,0x0000000029420000)]
  0x00000000211e5800 JavaThread "pool-2-thread-1" [_thread_blocked, id=15424, stack(0x0000000029220000,0x0000000029320000)]
  0x00000000211ea000 JavaThread "WorkerExecutor Queue" [_thread_blocked, id=9272, stack(0x0000000029020000,0x0000000029120000)]
  0x00000000211ea800 JavaThread "Cache worker for execution history cache (C:\Users\Sasmito\Documents\Training\project1\.gradle\6.1.1\executionHistory)" [_thread_blocked, id=11748, stack(0x0000000027a60000,0x0000000027b60000)]
  0x00000000211ec000 JavaThread "Execution worker for ':' Thread 7" [_thread_blocked, id=2288, stack(0x0000000027760000,0x0000000027860000)]
  0x0000000021ac2800 JavaThread "Execution worker for ':' Thread 6" [_thread_blocked, id=17816, stack(0x0000000027660000,0x0000000027760000)]
  0x0000000021abd800 JavaThread "Execution worker for ':' Thread 5" [_thread_blocked, id=9892, stack(0x0000000027560000,0x0000000027660000)]
  0x0000000021ac2000 JavaThread "Execution worker for ':' Thread 4" [_thread_blocked, id=15452, stack(0x0000000027460000,0x0000000027560000)]
  0x0000000021abc800 JavaThread "Execution worker for ':' Thread 3" [_thread_blocked, id=13804, stack(0x00000000262d0000,0x00000000263d0000)]
  0x0000000021abe000 JavaThread "Execution worker for ':' Thread 2" [_thread_blocked, id=17108, stack(0x00000000261d0000,0x00000000262d0000)]
  0x0000000021abf800 JavaThread "Execution worker for ':'" [_thread_blocked, id=9516, stack(0x00000000260d0000,0x00000000261d0000)]
  0x0000000021ac3800 JavaThread "Cache worker for file content cache (C:\Users\Sasmito\Documents\Training\project1\.gradle\6.1.1\fileContent)" [_thread_blocked, id=19948, stack(0x0000000025bd0000,0x0000000025cd0000)]
  0x0000000021ac0800 JavaThread "Cache worker for file content cache (C:\Users\Sasmito\.gradle\caches\6.1.1\fileContent)" [_thread_blocked, id=5464, stack(0x0000000025ad0000,0x0000000025bd0000)]
  0x0000000021abf000 JavaThread "Memory manager" [_thread_blocked, id=21444, stack(0x0000000024ab0000,0x0000000024bb0000)]
  0x0000000021ab5000 JavaThread "Cache worker for Build Output Cleanup Cache (C:\Users\Sasmito\Documents\Training\project1\.gradle\buildOutputCleanup)" [_thread_blocked, id=20284, stack(0x00000000249b0000,0x0000000024ab0000)]
  0x0000000021ab8000 JavaThread "Build operations Thread 8" [_thread_blocked, id=21460, stack(0x00000000244b0000,0x00000000245b0000)]
  0x0000000021ab7800 JavaThread "Build operations Thread 7" [_thread_blocked, id=17024, stack(0x00000000243b0000,0x00000000244b0000)]
  0x0000000021abc000 JavaThread "Build operations Thread 6" [_thread_blocked, id=9800, stack(0x0000000024050000,0x0000000024150000)]
  0x0000000021ab4800 JavaThread "Build operations Thread 5" [_thread_blocked, id=1864, stack(0x0000000023f50000,0x0000000024050000)]
  0x0000000021ab6800 JavaThread "Build operations Thread 4" [_thread_blocked, id=17196, stack(0x0000000023e50000,0x0000000023f50000)]
  0x0000000021abb000 JavaThread "Build operations Thread 3" [_thread_blocked, id=17360, stack(0x0000000023d50000,0x0000000023e50000)]
  0x0000000021ab6000 JavaThread "Build operations Thread 2" [_thread_blocked, id=19476, stack(0x0000000023c50000,0x0000000023d50000)]
  0x0000000021ab9000 JavaThread "Build operations" [_thread_blocked, id=6536, stack(0x0000000022930000,0x0000000022a30000)]
  0x000000001c6d3800 JavaThread "Cache worker for execution history cache (C:\Users\Sasmito\.gradle\caches\6.1.1\executionHistory)" [_thread_blocked, id=20608, stack(0x0000000022030000,0x0000000022130000)]
  0x000000001c6d0800 JavaThread "Cache worker for cache directory md-rule (C:\Users\Sasmito\.gradle\caches\6.1.1\md-rule)" [_thread_blocked, id=20904, stack(0x0000000021f30000,0x0000000022030000)]
  0x000000001c6cf800 JavaThread "Cache worker for cache directory md-supplier (C:\Users\Sasmito\.gradle\caches\6.1.1\md-supplier)" [_thread_blocked, id=18584, stack(0x0000000020e30000,0x0000000020f30000)]
  0x000000001c6cd800 JavaThread "Cache worker for file hash cache (C:\Users\Sasmito\Documents\Training\project1\.gradle\6.1.1\fileHashes)" [_thread_blocked, id=12588, stack(0x0000000020930000,0x0000000020a30000)]
  0x000000001c6ce000 JavaThread "Cache worker for checksums cache (C:\Users\Sasmito\Documents\Training\project1\.gradle\checksums)" [_thread_blocked, id=19768, stack(0x0000000020830000,0x0000000020930000)]
  0x000000001c6cc800 JavaThread "Cache worker for file hash cache (C:\Users\Sasmito\.gradle\caches\6.1.1\fileHashes)" [_thread_blocked, id=17632, stack(0x000000001e590000,0x000000001e690000)]
  0x000000001c6cf000 JavaThread "File lock request listener" [_thread_in_native, id=14176, stack(0x000000001e490000,0x000000001e590000)]
  0x000000001c8e9800 JavaThread "Cache worker for journal cache (C:\Users\Sasmito\.gradle\caches\journal-1)" [_thread_blocked, id=2644, stack(0x000000001e390000,0x000000001e490000)]
  0x000000001c405000 JavaThread "Thread-9" [_thread_blocked, id=19888, stack(0x000000001e090000,0x000000001e190000)]
  0x000000001c40e800 JavaThread "Asynchronous log dispatcher for DefaultDaemonConnection: socket connection from /127.0.0.1:52406 to /127.0.0.1:52407" [_thread_blocked, id=19496, stack(0x000000001dd90000,0x000000001de90000)]
  0x000000001c30d800 JavaThread "Daemon worker" [_thread_blocked, id=1932, stack(0x000000001dc90000,0x000000001dd90000)]
  0x000000001c3e1800 JavaThread "Cancel handler" [_thread_blocked, id=11588, stack(0x000000001db90000,0x000000001dc90000)]
  0x000000001c2f9800 JavaThread "Handler for socket connection from /127.0.0.1:52406 to /127.0.0.1:52407" [_thread_in_native, id=8672, stack(0x000000001d890000,0x000000001d990000)]
  0x000000001c2f4800 JavaThread "Daemon" [_thread_blocked, id=16320, stack(0x000000001d790000,0x000000001d890000)]
  0x000000001c372000 JavaThread "Daemon periodic checks" [_thread_blocked, id=19056, stack(0x000000001d690000,0x000000001d790000)]
  0x000000001c2d5800 JavaThread "Incoming local TCP Connector on port 52406" [_thread_in_native, id=21408, stack(0x000000001d450000,0x000000001d550000)]
  0x000000001c262800 JavaThread "Daemon health stats" [_thread_blocked, id=20792, stack(0x000000001ce10000,0x000000001cf10000)]
  0x000000001983e800 JavaThread "Service Thread" daemon [_thread_blocked, id=6672, stack(0x000000001a470000,0x000000001a570000)]
  0x00000000197cd800 JavaThread "C1 CompilerThread3" daemon [_thread_blocked, id=16476, stack(0x000000001a370000,0x000000001a470000)]
  0x00000000197b1800 JavaThread "C2 CompilerThread2" daemon [_thread_in_native, id=17204, stack(0x000000001a270000,0x000000001a370000)]
=>0x00000000197a6000 JavaThread "C2 CompilerThread1" daemon [_thread_in_native, id=18192, stack(0x000000001a170000,0x000000001a270000)]
  0x00000000197a2000 JavaThread "C2 CompilerThread0" daemon [_thread_in_native, id=20120, stack(0x000000001a070000,0x000000001a170000)]
  0x00000000197a0000 JavaThread "Attach Listener" daemon [_thread_blocked, id=2216, stack(0x0000000019f70000,0x000000001a070000)]
  0x000000001979f000 JavaThread "Signal Dispatcher" daemon [_thread_blocked, id=14816, stack(0x0000000019e70000,0x0000000019f70000)]
  0x0000000019790800 JavaThread "Finalizer" daemon [_thread_blocked, id=10896, stack(0x0000000019c70000,0x0000000019d70000)]
  0x000000001799c000 JavaThread "Reference Handler" daemon [_thread_blocked, id=3136, stack(0x0000000019b70000,0x0000000019c70000)]
  0x0000000000a2e800 JavaThread "main" [_thread_blocked, id=20756, stack(0x00000000026c0000,0x00000000027c0000)]

Other Threads:
  0x0000000017996800 VMThread [stack: 0x0000000019670000,0x0000000019770000] [id=5184]
  0x000000001983f800 WatcherThread [stack: 0x000000001a570000,0x000000001a670000] [id=2172]

VM state:not at safepoint (normal execution)

VM Mutex/Monitor currently owned by a thread: None

heap address: 0x0000000080000000, size: 2048 MB, Compressed Oops mode: 32-bit
Narrow klass base: 0x0000000000000000, Narrow klass shift: 3
Compressed class space size: 1073741824 Address: 0x0000000100000000

Heap:
 PSYoungGen      total 469504K, used 164475K [0x00000000d5580000, 0x00000000f9a80000, 0x0000000100000000)
  eden space 425472K, 36% used [0x00000000d5580000,0x00000000debd6ed0,0x00000000ef500000)
  from space 44032K, 23% used [0x00000000ef500000,0x00000000eff48010,0x00000000f2000000)
  to   space 43520K, 0% used [0x00000000f7000000,0x00000000f7000000,0x00000000f9a80000)
 ParOldGen       total 220160K, used 85749K [0x0000000080000000, 0x000000008d700000, 0x00000000d5580000)
  object space 220160K, 38% used [0x0000000080000000,0x00000000853bd7d8,0x000000008d700000)
 Metaspace       used 90026K, capacity 95094K, committed 95256K, reserved 1132544K
  class space    used 12184K, capacity 13084K, committed 13104K, reserved 1048576K

Card table byte_map: [0x0000000011cf0000,0x0000000012100000] byte_map_base: 0x00000000118f0000

Marking Bits: (ParMarkBitMap*) 0x0000000055fcf030
 Begin Bits: [0x0000000012bb0000, 0x0000000014bb0000)
 End Bits:   [0x0000000014bb0000, 0x0000000016bb0000)

Polling page: 0x0000000000e70000

CodeCache: size=245760Kb used=45181Kb max_used=45181Kb free=200579Kb
 bounds [0x0000000002930000, 0x0000000005590000, 0x0000000011930000]
 total_blobs=14103 nmethods=13207 adapters=806
 compilation: enabled

Compilation events (10 events):
Event: 89.661 Thread 0x00000000197cd800 15853       1       com.android.tools.r8.code.J0::a (1 bytes)
Event: 89.661 Thread 0x00000000197cd800 nmethod 15853 0x0000000005581a90 code [0x0000000005581be0, 0x0000000005581cf0]
Event: 89.679 Thread 0x00000000197cd800 15854       2       com.android.tools.r8.code.f::a (1 bytes)
Event: 89.680 Thread 0x00000000197cd800 nmethod 15854 0x0000000005581d50 code [0x0000000005581ea0, 0x0000000005581ff0]
Event: 89.681 Thread 0x00000000197cd800 15855       1       com.android.tools.r8.code.g2::a (1 bytes)
Event: 89.682 Thread 0x00000000197cd800 nmethod 15855 0x0000000005582090 code [0x00000000055821e0, 0x00000000055822f0]
Event: 89.698 Thread 0x00000000197cd800 15856       2       com.android.tools.r8.code.c::a (1 bytes)
Event: 89.698 Thread 0x00000000197cd800 nmethod 15856 0x0000000005582350 code [0x00000000055824a0, 0x00000000055825f0]
Event: 89.743 Thread 0x00000000197cd800 15857       2       com.android.tools.r8.code.q::a (1 bytes)
Event: 89.743 Thread 0x00000000197cd800 nmethod 15857 0x0000000005582690 code [0x00000000055827e0, 0x0000000005582930]

GC Heap History (10 events):
Event: 75.179 GC heap before
{Heap before GC invocations=20 (full 3):
 PSYoungGen      total 350208K, used 335097K [0x00000000d5580000, 0x00000000edc80000, 0x0000000100000000)
  eden space 307712K, 100% used [0x00000000d5580000,0x00000000e8200000,0x00000000e8200000)
  from space 42496K, 64% used [0x00000000eac00000,0x00000000ec6be488,0x00000000ed580000)
  to   space 43008K, 0% used [0x00000000e8200000,0x00000000e8200000,0x00000000eac00000)
 ParOldGen       total 220160K, used 65849K [0x0000000080000000, 0x000000008d700000, 0x00000000d5580000)
  object space 220160K, 29% used [0x0000000080000000,0x000000008404e690,0x000000008d700000)
 Metaspace       used 88980K, capacity 93864K, committed 94232K, reserved 1130496K
  class space    used 12115K, capacity 12989K, committed 13104K, reserved 1048576K
Event: 75.235 GC heap after
Heap after GC invocations=20 (full 3):
 PSYoungGen      total 350720K, used 27032K [0x00000000d5580000, 0x00000000f0680000, 0x0000000100000000)
  eden space 307712K, 0% used [0x00000000d5580000,0x00000000d5580000,0x00000000e8200000)
  from space 43008K, 62% used [0x00000000e8200000,0x00000000e9c66278,0x00000000eac00000)
  to   space 43520K, 0% used [0x00000000edc00000,0x00000000edc00000,0x00000000f0680000)
 ParOldGen       total 220160K, used 65849K [0x0000000080000000, 0x000000008d700000, 0x00000000d5580000)
  object space 220160K, 29% used [0x0000000080000000,0x000000008404e690,0x000000008d700000)
 Metaspace       used 88980K, capacity 93864K, committed 94232K, reserved 1130496K
  class space    used 12115K, capacity 12989K, committed 13104K, reserved 1048576K
}
Event: 77.406 GC heap before
{Heap before GC invocations=21 (full 3):
 PSYoungGen      total 350720K, used 334744K [0x00000000d5580000, 0x00000000f0680000, 0x0000000100000000)
  eden space 307712K, 100% used [0x00000000d5580000,0x00000000e8200000,0x00000000e8200000)
  from space 43008K, 62% used [0x00000000e8200000,0x00000000e9c66278,0x00000000eac00000)
  to   space 43520K, 0% used [0x00000000edc00000,0x00000000edc00000,0x00000000f0680000)
 ParOldGen       total 220160K, used 65849K [0x0000000080000000, 0x000000008d700000, 0x00000000d5580000)
  object space 220160K, 29% used [0x0000000080000000,0x000000008404e690,0x000000008d700000)
 Metaspace       used 89040K, capacity 93940K, committed 94232K, reserved 1130496K
  class space    used 12119K, capacity 12989K, committed 13104K, reserved 1048576K
Event: 77.491 GC heap after
Heap after GC invocations=21 (full 3):
 PSYoungGen      total 399360K, used 28391K [0x00000000d5580000, 0x00000000f0d80000, 0x0000000100000000)
  eden space 355840K, 0% used [0x00000000d5580000,0x00000000d5580000,0x00000000eb100000)
  from space 43520K, 65% used [0x00000000edc00000,0x00000000ef7b9f58,0x00000000f0680000)
  to   space 44032K, 0% used [0x00000000eb100000,0x00000000eb100000,0x00000000edc00000)
 ParOldGen       total 220160K, used 65857K [0x0000000080000000, 0x000000008d700000, 0x00000000d5580000)
  object space 220160K, 29% used [0x0000000080000000,0x0000000084050690,0x000000008d700000)
 Metaspace       used 89040K, capacity 93940K, committed 94232K, reserved 1130496K
  class space    used 12119K, capacity 12989K, committed 13104K, reserved 1048576K
}
Event: 79.784 GC heap before
{Heap before GC invocations=22 (full 3):
 PSYoungGen      total 399360K, used 384231K [0x00000000d5580000, 0x00000000f0d80000, 0x0000000100000000)
  eden space 355840K, 100% used [0x00000000d5580000,0x00000000eb100000,0x00000000eb100000)
  from space 43520K, 65% used [0x00000000edc00000,0x00000000ef7b9f58,0x00000000f0680000)
  to   space 44032K, 0% used [0x00000000eb100000,0x00000000eb100000,0x00000000edc00000)
 ParOldGen       total 220160K, used 65857K [0x0000000080000000, 0x000000008d700000, 0x00000000d5580000)
  object space 220160K, 29% used [0x0000000080000000,0x0000000084050690,0x000000008d700000)
 Metaspace       used 89084K, capacity 94016K, committed 94232K, reserved 1130496K
  class space    used 12120K, capacity 12991K, committed 13104K, reserved 1048576K
Event: 79.883 GC heap after
Heap after GC invocations=22 (full 3):
 PSYoungGen      total 399872K, used 28322K [0x00000000d5580000, 0x00000000f4b80000, 0x0000000100000000)
  eden space 355840K, 0% used [0x00000000d5580000,0x00000000d5580000,0x00000000eb100000)
  from space 44032K, 64% used [0x00000000eb100000,0x00000000ecca8828,0x00000000edc00000)
  to   space 44544K, 0% used [0x00000000f2000000,0x00000000f2000000,0x00000000f4b80000)
 ParOldGen       total 220160K, used 65865K [0x0000000080000000, 0x000000008d700000, 0x00000000d5580000)
  object space 220160K, 29% used [0x0000000080000000,0x0000000084052690,0x000000008d700000)
 Metaspace       used 89084K, capacity 94016K, committed 94232K, reserved 1130496K
  class space    used 12120K, capacity 12991K, committed 13104K, reserved 1048576K
}
Event: 81.858 GC heap before
{Heap before GC invocations=23 (full 3):
 PSYoungGen      total 399872K, used 384162K [0x00000000d5580000, 0x00000000f4b80000, 0x0000000100000000)
  eden space 355840K, 100% used [0x00000000d5580000,0x00000000eb100000,0x00000000eb100000)
  from space 44032K, 64% used [0x00000000eb100000,0x00000000ecca8828,0x00000000edc00000)
  to   space 44544K, 0% used [0x00000000f2000000,0x00000000f2000000,0x00000000f4b80000)
 ParOldGen       total 220160K, used 65865K [0x0000000080000000, 0x000000008d700000, 0x00000000d5580000)
  object space 220160K, 29% used [0x0000000080000000,0x0000000084052690,0x000000008d700000)
 Metaspace       used 89103K, capacity 94016K, committed 94232K, reserved 1130496K
  class space    used 12120K, capacity 12991K, committed 13104K, reserved 1048576K
Event: 81.953 GC heap after
Heap after GC invocations=23 (full 3):
 PSYoungGen      total 470016K, used 11298K [0x00000000d5580000, 0x00000000f4f80000, 0x0000000100000000)
  eden space 425472K, 0% used [0x00000000d5580000,0x00000000d5580000,0x00000000ef500000)
  from space 44544K, 25% used [0x00000000f2000000,0x00000000f2b088d8,0x00000000f4b80000)
  to   space 44032K, 0% used [0x00000000ef500000,0x00000000ef500000,0x00000000f2000000)
 ParOldGen       total 220160K, used 83481K [0x0000000080000000, 0x000000008d700000, 0x00000000d5580000)
  object space 220160K, 37% used [0x0000000080000000,0x0000000085186420,0x000000008d700000)
 Metaspace       used 89103K, capacity 94016K, committed 94232K, reserved 1130496K
  class space    used 12120K, capacity 12991K, committed 13104K, reserved 1048576K
}
Event: 85.947 GC heap before
{Heap before GC invocations=24 (full 3):
 PSYoungGen      total 470016K, used 436770K [0x00000000d5580000, 0x00000000f4f80000, 0x0000000100000000)
  eden space 425472K, 100% used [0x00000000d5580000,0x00000000ef500000,0x00000000ef500000)
  from space 44544K, 25% used [0x00000000f2000000,0x00000000f2b088d8,0x00000000f4b80000)
  to   space 44032K, 0% used [0x00000000ef500000,0x00000000ef500000,0x00000000f2000000)
 ParOldGen       total 220160K, used 83481K [0x0000000080000000, 0x000000008d700000, 0x00000000d5580000)
  object space 220160K, 37% used [0x0000000080000000,0x0000000085186420,0x000000008d700000)
 Metaspace       used 89365K, capacity 94292K, committed 94488K, reserved 1130496K
  class space    used 12124K, capacity 12991K, committed 13104K, reserved 1048576K
Event: 86.004 GC heap after
Heap after GC invocations=24 (full 3):
 PSYoungGen      total 469504K, used 10528K [0x00000000d5580000, 0x00000000f9a80000, 0x0000000100000000)
  eden space 425472K, 0% used [0x00000000d5580000,0x00000000d5580000,0x00000000ef500000)
  from space 44032K, 23% used [0x00000000ef500000,0x00000000eff48010,0x00000000f2000000)
  to   space 43520K, 0% used [0x00000000f7000000,0x00000000f7000000,0x00000000f9a80000)
 ParOldGen       total 220160K, used 85749K [0x0000000080000000, 0x000000008d700000, 0x00000000d5580000)
  object space 220160K, 38% used [0x0000000080000000,0x00000000853bd7d8,0x000000008d700000)
 Metaspace       used 89365K, capacity 94292K, committed 94488K, reserved 1130496K
  class space    used 12124K, capacity 12991K, committed 13104K, reserved 1048576K
}

Deoptimization events (10 events):
Event: 83.052 Thread 0x0000000021abf800 Uncommon trap: reason=bimorphic action=maybe_recompile pc=0x00000000052b0ef8 method=com.android.tools.r8.u.c.c0.e.a(Ljava/lang/Iterable;)Ljava/util/Set; @ 16
Event: 83.286 Thread 0x0000000021abd800 Uncommon trap: reason=array_check action=maybe_recompile pc=0x00000000052e9f24 method=java.util.TimSort.binarySort([Ljava/lang/Object;IIILjava/util/Comparator;)V @ 183
Event: 83.286 Thread 0x0000000021abd800 Uncommon trap: reason=array_check action=maybe_recompile pc=0x00000000052e9f24 method=java.util.TimSort.binarySort([Ljava/lang/Object;IIILjava/util/Comparator;)V @ 183
Event: 83.286 Thread 0x0000000021abd800 Uncommon trap: reason=array_check action=maybe_recompile pc=0x00000000047be3f4 method=java.util.TimSort.binarySort([Ljava/lang/Object;IIILjava/util/Comparator;)V @ 183
Event: 83.286 Thread 0x0000000021abd800 Uncommon trap: reason=array_check action=maybe_recompile pc=0x0000000003ebd2d8 method=java.util.TimSort.binarySort([Ljava/lang/Object;IIILjava/util/Comparator;)V @ 215
Event: 83.424 Thread 0x0000000021abd800 Uncommon trap: reason=unstable_if action=reinterpret pc=0x00000000034e61a0 method=com.android.tools.r8.dex.m.c(I)V @ 8
Event: 86.039 Thread 0x0000000021abf800 Uncommon trap: reason=unstable_if action=reinterpret pc=0x0000000003270590 method=com.android.tools.r8.graph.e0.c(Lcom/android/tools/r8/graph/e0;)I @ 141
Event: 86.262 Thread 0x0000000021abf800 Uncommon trap: reason=unstable_if action=reinterpret pc=0x00000000035811e8 method=java.util.Arrays.equals([Ljava/lang/Object;[Ljava/lang/Object;)Z @ 47
Event: 88.488 Thread 0x000000001fb0e800 Uncommon trap: reason=unstable_if action=reinterpret pc=0x00000000032e4030 method=java.util.Arrays.hashCode([Ljava/lang/Object;)I @ 1
Event: 88.659 Thread 0x000000001fb11800 Uncommon trap: reason=unstable_if action=reinterpret pc=0x00000000038a9cd8 method=java.util.concurrent.ConcurrentLinkedQueue.offer(Ljava/lang/Object;)Z @ 40

Classes redefined (0 events):
No events

Internal exceptions (10 events):
Event: 68.679 Thread 0x0000000021ac2000 Exception <a 'sun/nio/fs/WindowsException'> (0x00000000e00c66f8) thrown at [C:\src\AOSP-openjdk-git\hotspot\src\share\vm\prims\jni.cpp, line 710]
Event: 68.722 Thread 0x0000000021abf800 Exception <a 'sun/nio/fs/WindowsException'> (0x00000000e0f15c10) thrown at [C:\src\AOSP-openjdk-git\hotspot\src\share\vm\prims\jni.cpp, line 710]
Event: 68.731 Thread 0x00000000211ec000 Implicit null exception at 0x000000000490a277 to 0x000000000490a6bd
Event: 82.887 Thread 0x00000000211ec000 Exception <a 'sun/nio/fs/WindowsException'> (0x00000000dd83d510) thrown at [C:\src\AOSP-openjdk-git\hotspot\src\share\vm\prims\jni.cpp, line 710]
Event: 83.608 Thread 0x0000000021abd800 Exception <a 'sun/nio/fs/WindowsException'> (0x00000000e2e321a8) thrown at [C:\src\AOSP-openjdk-git\hotspot\src\share\vm\prims\jni.cpp, line 710]
Event: 86.609 Thread 0x0000000021abf800 Exception <a 'sun/nio/fs/WindowsException'> (0x00000000d7dcabf0) thrown at [C:\src\AOSP-openjdk-git\hotspot\src\share\vm\prims\jni.cpp, line 710]
Event: 87.132 Thread 0x0000000021ac2000 Exception <a 'sun/nio/fs/WindowsException'> (0x00000000d8d7b400) thrown at [C:\src\AOSP-openjdk-git\hotspot\src\share\vm\prims\jni.cpp, line 710]
Event: 87.265 Thread 0x0000000021ac2000 Exception <a 'java/lang/NoSuchMethodError': <clinit>> (0x00000000d8e07b48) thrown at [C:\src\AOSP-openjdk-git\hotspot\src\share\vm\prims\jni.cpp, line 1615]
Event: 87.589 Thread 0x00000000211f3000 Exception <a 'sun/nio/fs/WindowsException'> (0x00000000d969d8f8) thrown at [C:\src\AOSP-openjdk-git\hotspot\src\share\vm\prims\jni.cpp, line 710]
Event: 88.488 Thread 0x000000001fb0e800 Implicit null exception at 0x00000000032e3f2f to 0x00000000032e4021

Events (10 events):
Event: 89.584 Thread 0x00000000211f3000 DEOPT PACKING pc=0x0000000004a6bee0 sp=0x000000002a61d8e0
Event: 89.584 Thread 0x00000000211f3000 DEOPT UNPACKING pc=0x00000000029775d0 sp=0x000000002a61d620 mode 0
Event: 89.598 Thread 0x00000000211f3000 DEOPT PACKING pc=0x0000000004a6be9b sp=0x000000002a61d920
Event: 89.598 Thread 0x00000000211f3000 DEOPT UNPACKING pc=0x00000000029775d0 sp=0x000000002a61d660 mode 0
Event: 89.711 Thread 0x00000000211f3000 DEOPT PACKING pc=0x0000000004a6bee0 sp=0x000000002a61d8c0
Event: 89.711 Thread 0x00000000211f3000 DEOPT UNPACKING pc=0x00000000029775d0 sp=0x000000002a61d600 mode 0
Event: 89.713 Thread 0x00000000211f3000 DEOPT PACKING pc=0x0000000004a6be9b sp=0x000000002a61d8e0
Event: 89.713 Thread 0x00000000211f3000 DEOPT UNPACKING pc=0x00000000029775d0 sp=0x000000002a61d620 mode 0
Event: 89.717 Thread 0x00000000211f3000 DEOPT PACKING pc=0x0000000004a6bee0 sp=0x000000002a61d920
Event: 89.717 Thread 0x00000000211f3000 DEOPT UNPACKING pc=0x00000000029775d0 sp=0x000000002a61d660 mode 0


Dynamic libraries:
0x00007ff7228c0000 - 0x00007ff7228f1000 	C:\Program Files\Android\Android Studio\jre\bin\java.exe
0x00007ffd311f0000 - 0x00007ffd313e6000 	C:\WINDOWS\SYSTEM32\ntdll.dll
0x00007ffd2fe00000 - 0x00007ffd2febd000 	C:\WINDOWS\System32\KERNEL32.DLL
0x00007ffd2e940000 - 0x00007ffd2ec08000 	C:\WINDOWS\System32\KERNELBASE.dll
0x00007ffd2fa20000 - 0x00007ffd2faca000 	C:\WINDOWS\System32\ADVAPI32.dll
0x00007ffd30c10000 - 0x00007ffd30cae000 	C:\WINDOWS\System32\msvcrt.dll
0x00007ffd30b70000 - 0x00007ffd30c0b000 	C:\WINDOWS\System32\sechost.dll
0x00007ffd309c0000 - 0x00007ffd30ae4000 	C:\WINDOWS\System32\RPCRT4.dll
0x00007ffd2f6d0000 - 0x00007ffd2f870000 	C:\WINDOWS\System32\USER32.dll
0x00007ffd2ef30000 - 0x00007ffd2ef52000 	C:\WINDOWS\System32\win32u.dll
0x00007ffd30990000 - 0x00007ffd309ba000 	C:\WINDOWS\System32\GDI32.dll
0x00007ffd2edf0000 - 0x00007ffd2eef9000 	C:\WINDOWS\System32\gdi32full.dll
0x00007ffd2f1c0000 - 0x00007ffd2f25d000 	C:\WINDOWS\System32\msvcp_win.dll
0x00007ffd2ef60000 - 0x00007ffd2f060000 	C:\WINDOWS\System32\ucrtbase.dll
0x00007ffd12a20000 - 0x00007ffd12cbb000 	C:\WINDOWS\WinSxS\amd64_microsoft.windows.common-controls_6595b64144ccf1df_6.0.19041.488_none_ca04af081b815d21\COMCTL32.dll
0x00007ffd30cb0000 - 0x00007ffd30ce0000 	C:\WINDOWS\System32\IMM32.DLL
0x0000000054cf0000 - 0x0000000054dc2000 	C:\Program Files\Android\Android Studio\jre\jre\bin\msvcr100.dll
0x0000000055800000 - 0x000000005604b000 	C:\Program Files\Android\Android Studio\jre\jre\bin\server\jvm.dll
0x00007ffd2ff90000 - 0x00007ffd2ff98000 	C:\WINDOWS\System32\PSAPI.DLL
0x00007ffd22bd0000 - 0x00007ffd22bda000 	C:\WINDOWS\SYSTEM32\VERSION.dll
0x00007ffd23540000 - 0x00007ffd23549000 	C:\WINDOWS\SYSTEM32\WSOCK32.dll
0x00007ffd12cc0000 - 0x00007ffd12ce7000 	C:\WINDOWS\SYSTEM32\WINMM.dll
0x00007ffd30800000 - 0x00007ffd3086b000 	C:\WINDOWS\System32\WS2_32.dll
0x00007ffd17fb0000 - 0x00007ffd17fbf000 	C:\Program Files\Android\Android Studio\jre\jre\bin\verify.dll
0x00007ffcfc690000 - 0x00007ffcfc6b9000 	C:\Program Files\Android\Android Studio\jre\jre\bin\java.dll
0x00007ffd17e10000 - 0x00007ffd17e26000 	C:\Program Files\Android\Android Studio\jre\jre\bin\zip.dll
0x00007ffd300c0000 - 0x00007ffd30800000 	C:\WINDOWS\System32\SHELL32.dll
0x00007ffd2c6d0000 - 0x00007ffd2ce64000 	C:\WINDOWS\SYSTEM32\windows.storage.dll
0x00007ffd30d70000 - 0x00007ffd310c5000 	C:\WINDOWS\System32\combase.dll
0x00007ffd2e3b0000 - 0x00007ffd2e3dc000 	C:\WINDOWS\SYSTEM32\Wldp.dll
0x00007ffd2ffa0000 - 0x00007ffd3004e000 	C:\WINDOWS\System32\SHCORE.dll
0x00007ffd2fd40000 - 0x00007ffd2fd95000 	C:\WINDOWS\System32\shlwapi.dll
0x00007ffd2e870000 - 0x00007ffd2e896000 	C:\WINDOWS\SYSTEM32\profapi.dll
0x00007ffd0d3e0000 - 0x00007ffd0d3fa000 	C:\Program Files\Android\Android Studio\jre\jre\bin\net.dll
0x00007ffd2e130000 - 0x00007ffd2e19a000 	C:\WINDOWS\system32\mswsock.dll
0x00007ffd0ac60000 - 0x00007ffd0ac73000 	C:\Program Files\Android\Android Studio\jre\jre\bin\nio.dll
0x00007ffd159d0000 - 0x00007ffd159f6000 	C:\Users\Sasmito\.gradle\native\31\windows-amd64\native-platform.dll
0x00007ffd172a0000 - 0x00007ffd172ad000 	C:\Program Files\Android\Android Studio\jre\jre\bin\management.dll
0x00007ffd2e310000 - 0x00007ffd2e328000 	C:\WINDOWS\SYSTEM32\CRYPTSP.dll
0x00007ffd2da50000 - 0x00007ffd2da84000 	C:\WINDOWS\system32\rsaenh.dll
0x00007ffd2ef00000 - 0x00007ffd2ef27000 	C:\WINDOWS\System32\bcrypt.dll
0x00007ffd2e7f0000 - 0x00007ffd2e81e000 	C:\WINDOWS\SYSTEM32\USERENV.dll
0x00007ffd2ed70000 - 0x00007ffd2edef000 	C:\WINDOWS\System32\bcryptprimitives.dll
0x00007ffd2e300000 - 0x00007ffd2e30c000 	C:\WINDOWS\SYSTEM32\CRYPTBASE.dll
0x00007ffd2ddd0000 - 0x00007ffd2de0b000 	C:\WINDOWS\SYSTEM32\IPHLPAPI.DLL
0x00007ffd2fd30000 - 0x00007ffd2fd39000 	C:\WINDOWS\System32\NSI.dll
0x00007ffd28690000 - 0x00007ffd286a7000 	C:\WINDOWS\SYSTEM32\dhcpcsvc6.DLL
0x00007ffd28670000 - 0x00007ffd2868d000 	C:\WINDOWS\SYSTEM32\dhcpcsvc.DLL
0x00007ffd2de10000 - 0x00007ffd2dedb000 	C:\WINDOWS\SYSTEM32\DNSAPI.dll
0x00007ffd0b1d0000 - 0x00007ffd0b1ee000 	C:\Users\Sasmito\AppData\Local\Temp\native-platform8579152818595910323dir\native-platform.dll

VM Arguments:
jvm_args: -Xmx2048m -Dfile.encoding=windows-1252 -Duser.country=ID -Duser.language=en -Duser.variant 
java_command: org.gradle.launcher.daemon.bootstrap.GradleDaemon 6.1.1
java_class_path (initial): C:\Users\Sasmito\.gradle\wrapper\dists\gradle-6.1.1-all\cfmwm155h49vnt3hynmlrsdst\gradle-6.1.1\lib\gradle-launcher-6.1.1.jar
Launcher Type: SUN_STANDARD

Environment Variables:
PATH=C:\Program Files (x86)\Common Files\Oracle\Java\javapath;C:\windows\system32;C:\windows;C:\windows\System32\Wbem;C:\windows\System32\WindowsPowerShell\v1.0\;C:\windows\System32\OpenSSH\;C:\Program Files (x86)\NVIDIA Corporation\PhysX\Common;C:\Program Files\NVIDIA Corporation\NVIDIA NvDLISR;C:\Program Files\PuTTY\;C:\ProgramData\chocolatey\bin;C:\php-7.4.4;C:\ProgramData\ComposerSetup\bin;C:\Program Files\nodejs\;C:\WINDOWS\system32;C:\WINDOWS;C:\WINDOWS\System32\Wbem;C:\WINDOWS\System32\WindowsPowerShell\v1.0\;C:\WINDOWS\System32\OpenSSH\;C:\Program Files\Git\cmd;C:\Users\Sasmito\scoop\shims;C:\Users\Sasmito\AppData\Local\Microsoft\WindowsApps;;C:\Users\Sasmito\AppData\Local\Programs\Microsoft VS Code\bin;C:\Program Files\Oracle\VirtualBox;C:\Users\Sasmito\AppData\Roaming\Composer\vendor\bin;C:\Users\Sasmito\AppData\Roaming\npm;C:\Users\Sasmito\AppData\Local\Microsoft\WindowsApps;C:\Program Files\JetBrains\IntelliJ IDEA 2020.2.3\bin;
USERNAME=Sasmito
OS=Windows_NT
PROCESSOR_IDENTIFIER=Intel64 Family 6 Model 142 Stepping 12, GenuineIntel



---------------  S Y S T E M  ---------------

OS: Windows 10.0 , 64 bit Build 19041 (10.0.19041.546)

CPU:total 8 (initial active 8) (4 cores per cpu, 2 threads per core) family 6 model 142 stepping 12, cmov, cx8, fxsr, mmx, sse, sse2, sse3, ssse3, sse4.1, sse4.2, popcnt, avx, avx2, aes, clmul, erms, 3dnowpref, lzcnt, ht, tsc, tscinvbit, bmi1, bmi2, adx

Memory: 4k page, physical 16559604k(2946304k free), swap 16559604k(6396k free)

vm_info: OpenJDK 64-Bit Server VM (25.242-b01) for windows-amd64 JRE (1.8.0_242-release-1644-b01), built by "builder" with MS VC++ 10.0 (VS2010)

time: Fri Oct 23 20:16:12 2020
timezone: SE Asia Standard Time
elapsed time: 89 seconds (0d 0h 1m 29s)

